生成启动时间为 2016/3/31 18:50:44。
     1>项目“E:\OpenGL\Projects\OpenGLTestProjects\ShaderIntroduce\ShaderIntroduce\ShaderIntroduce.vcxproj”在节点 2 上(Build 个目标)。
     1>ClCompile:
         D:\Program Files (x86)\Microsoft Visual Studio 12.0\VC\bin\CL.exe /c /ZI /nologo /W3 /WX- /sdl /Od /Oy- /D _MBCS /Gm /EHsc /RTC1 /MDd /GS /fp:precise /Zc:wchar_t /Zc:forScope /Fo"Debug\\" /Fd"Debug\vc120.pdb" /Gd /TP /analyze- /errorReport:prompt Introduce.cpp Shader.cpp UseShaderClass.cpp
         UseShaderClass.cpp
         Shader.cpp
         Introduce.cpp
         正在生成代码...
       Link:
         D:\Program Files (x86)\Microsoft Visual Studio 12.0\VC\bin\link.exe /ERRORREPORT:PROMPT /OUT:"E:\OpenGL\Projects\OpenGLTestProjects\ShaderIntroduce\Debug\ShaderIntroduce.exe" /INCREMENTAL /NOLOGO opengl32.lib glfw3.lib glew32s.lib kernel32.lib user32.lib gdi32.lib winspool.lib comdlg32.lib advapi32.lib shell32.lib ole32.lib oleaut32.lib uuid.lib odbc32.lib odbccp32.lib /MANIFEST /MANIFESTUAC:"level='asInvoker' uiAccess='false'" /manifest:embed /DEBUG /PDB:"E:\OpenGL\Projects\OpenGLTestProjects\ShaderIntroduce\Debug\ShaderIntroduce.pdb" /TLBID:1 /DYNAMICBASE /NXCOMPAT /IMPLIB:"E:\OpenGL\Projects\OpenGLTestProjects\ShaderIntroduce\Debug\ShaderIntroduce.lib" /MACHINE:X86 Debug\Introduce.obj
         Debug\Shader.obj
         Debug\UseShaderClass.obj
     1>LINK : warning LNK4098: 默认库“LIBCMT”与其他库的使用冲突；请使用 /NODEFAULTLIB:library
     1>Shader.obj : warning LNK4049: 已导入本地定义的符号 ___glewAttachShader
     1>Shader.obj : warning LNK4049: 已导入本地定义的符号 ___glewCompileShader
     1>Shader.obj : warning LNK4049: 已导入本地定义的符号 ___glewCreateProgram
     1>Shader.obj : warning LNK4049: 已导入本地定义的符号 ___glewCreateShader
     1>Shader.obj : warning LNK4049: 已导入本地定义的符号 ___glewDeleteShader
     1>Shader.obj : warning LNK4049: 已导入本地定义的符号 ___glewGetProgramInfoLog
     1>Shader.obj : warning LNK4049: 已导入本地定义的符号 ___glewGetProgramiv
     1>Shader.obj : warning LNK4049: 已导入本地定义的符号 ___glewGetShaderInfoLog
     1>Shader.obj : warning LNK4049: 已导入本地定义的符号 ___glewGetShaderiv
     1>Shader.obj : warning LNK4049: 已导入本地定义的符号 ___glewLinkProgram
     1>Shader.obj : warning LNK4049: 已导入本地定义的符号 ___glewShaderSource
     1>Shader.obj : warning LNK4049: 已导入本地定义的符号 ___glewUseProgram
     1>glew32s.lib(glew.obj) : warning LNK4099: 未找到 PDB“vc120.pdb”(使用“glew32s.lib(glew.obj)”或在“E:\OpenGL\Projects\OpenGLTestProjects\ShaderIntroduce\Debug\vc120.pdb”中寻找)；正在链接对象，如同没有调试信息一样
         ShaderIntroduce.vcxproj -> E:\OpenGL\Projects\OpenGLTestProjects\ShaderIntroduce\Debug\ShaderIntroduce.exe
     1>已完成生成项目“E:\OpenGL\Projects\OpenGLTestProjects\ShaderIntroduce\ShaderIntroduce\ShaderIntroduce.vcxproj”(Build 个目标)的操作。

生成成功。

已用时间 00:00:01.18
